{"contracts\\Beacon\\__CompileBeacon.sol":{"l":{},"path":"C:\\Users\\Fernando\\Documents\\solidity\\alastria\\security-tokens-versions\\contracts\\Beacon\\__CompileBeacon.sol","s":{},"b":{},"f":{},"fnMap":{},"statementMap":{},"branchMap":{}},"contracts\\Beacon\\SecurityBondFactory.sol":{"l":{"22":1,"23":1,"27":2,"29":2,"30":2,"31":2,"32":2,"34":2,"35":2},"path":"C:\\Users\\Fernando\\Documents\\solidity\\alastria\\security-tokens-versions\\contracts\\Beacon\\SecurityBondFactory.sol","s":{"1":1,"2":2,"3":2,"4":2},"b":{"1":[1,0],"2":[2,0]},"f":{"1":1,"2":2},"fnMap":{"1":{"name":"constructor","line":21,"loc":{"start":{"line":21,"column":4},"end":{"line":24,"column":4}}},"2":{"name":"createBond","line":26,"loc":{"start":{"line":26,"column":4},"end":{"line":36,"column":4}}}},"statementMap":{"1":{"start":{"line":22,"column":8},"end":{"line":22,"column":70}},"2":{"start":{"line":27,"column":8},"end":{"line":27,"column":61}},"3":{"start":{"line":34,"column":8},"end":{"line":34,"column":53}},"4":{"start":{"line":35,"column":8},"end":{"line":35,"column":29}}},"branchMap":{"1":{"line":22,"type":"if","locations":[{"start":{"line":22,"column":8},"end":{"line":22,"column":8}},{"start":{"line":22,"column":8},"end":{"line":22,"column":8}}]},"2":{"line":26,"type":"if","locations":[{"start":{"line":26,"column":77},"end":{"line":26,"column":77}},{"start":{"line":26,"column":77},"end":{"line":26,"column":77}}]}}},"contracts\\Diamond\\AdminFacet.sol":{"l":{"14":15,"15":15,"16":15,"21":1,"22":1,"26":1,"27":1,"31":2,"36":8,"40":1,"44":2,"48":2,"52":2,"56":2,"61":2,"62":2,"64":1,"65":1,"69":1,"70":1,"72":1,"73":1,"77":5,"81":0},"path":"C:\\Users\\Fernando\\Documents\\solidity\\alastria\\security-tokens-versions\\contracts\\Diamond\\AdminFacet.sol","s":{"1":15,"2":15,"3":1,"4":1,"5":2,"6":2,"7":2,"8":2,"9":2,"10":1,"11":1,"12":1,"13":1,"14":5,"15":0},"b":{"1":[15,0],"2":[1,0],"3":[1,0],"4":[8,0],"5":[1,0],"6":[2,0],"7":[2,0],"8":[1,1],"9":[1,0]},"f":{"1":15,"2":1,"3":1,"4":2,"5":8,"6":1,"7":2,"8":2,"9":2,"10":2,"11":2,"12":1,"13":5,"14":0},"fnMap":{"1":{"name":"onlyRole","line":13,"loc":{"start":{"line":13,"column":4},"end":{"line":17,"column":4}}},"2":{"name":"pause","line":20,"loc":{"start":{"line":20,"column":4},"end":{"line":23,"column":4}}},"3":{"name":"unpause","line":25,"loc":{"start":{"line":25,"column":4},"end":{"line":28,"column":4}}},"4":{"name":"paused","line":30,"loc":{"start":{"line":30,"column":4},"end":{"line":32,"column":4}}},"5":{"name":"addToWhitelist","line":35,"loc":{"start":{"line":35,"column":4},"end":{"line":37,"column":4}}},"6":{"name":"removeFromWhitelist","line":39,"loc":{"start":{"line":39,"column":4},"end":{"line":41,"column":4}}},"7":{"name":"addToBlacklist","line":43,"loc":{"start":{"line":43,"column":4},"end":{"line":45,"column":4}}},"8":{"name":"removeFromBlacklist","line":47,"loc":{"start":{"line":47,"column":4},"end":{"line":49,"column":4}}},"9":{"name":"isWhitelisted","line":51,"loc":{"start":{"line":51,"column":4},"end":{"line":53,"column":4}}},"10":{"name":"isBlacklisted","line":55,"loc":{"start":{"line":55,"column":4},"end":{"line":57,"column":4}}},"11":{"name":"grantRole","line":60,"loc":{"start":{"line":60,"column":4},"end":{"line":66,"column":4}}},"12":{"name":"revokeRole","line":68,"loc":{"start":{"line":68,"column":4},"end":{"line":74,"column":4}}},"13":{"name":"hasRole","line":76,"loc":{"start":{"line":76,"column":4},"end":{"line":78,"column":4}}},"14":{"name":"getRoleAdmin","line":80,"loc":{"start":{"line":80,"column":4},"end":{"line":82,"column":4}}}},"statementMap":{"1":{"start":{"line":14,"column":8},"end":{"line":14,"column":99}},"2":{"start":{"line":15,"column":8},"end":{"line":15,"column":85}},"3":{"start":{"line":22,"column":8},"end":{"line":22,"column":31}},"4":{"start":{"line":27,"column":8},"end":{"line":27,"column":33}},"5":{"start":{"line":31,"column":8},"end":{"line":31,"column":61}},"6":{"start":{"line":52,"column":8},"end":{"line":52,"column":73}},"7":{"start":{"line":56,"column":8},"end":{"line":56,"column":73}},"8":{"start":{"line":61,"column":8},"end":{"line":61,"column":99}},"9":{"start":{"line":62,"column":8},"end":{"line":62,"column":101}},"10":{"start":{"line":65,"column":8},"end":{"line":65,"column":51}},"11":{"start":{"line":69,"column":8},"end":{"line":69,"column":99}},"12":{"start":{"line":70,"column":8},"end":{"line":70,"column":101}},"13":{"start":{"line":73,"column":8},"end":{"line":73,"column":51}},"14":{"start":{"line":77,"column":8},"end":{"line":77,"column":75}},"15":{"start":{"line":81,"column":8},"end":{"line":81,"column":71}}},"branchMap":{"1":{"line":15,"type":"if","locations":[{"start":{"line":15,"column":8},"end":{"line":15,"column":8}},{"start":{"line":15,"column":8},"end":{"line":15,"column":8}}]},"2":{"line":20,"type":"if","locations":[{"start":{"line":20,"column":30},"end":{"line":20,"column":30}},{"start":{"line":20,"column":30},"end":{"line":20,"column":30}}]},"3":{"line":25,"type":"if","locations":[{"start":{"line":25,"column":32},"end":{"line":25,"column":32}},{"start":{"line":25,"column":32},"end":{"line":25,"column":32}}]},"4":{"line":35,"type":"if","locations":[{"start":{"line":35,"column":54},"end":{"line":35,"column":54}},{"start":{"line":35,"column":54},"end":{"line":35,"column":54}}]},"5":{"line":39,"type":"if","locations":[{"start":{"line":39,"column":59},"end":{"line":39,"column":59}},{"start":{"line":39,"column":59},"end":{"line":39,"column":59}}]},"6":{"line":43,"type":"if","locations":[{"start":{"line":43,"column":54},"end":{"line":43,"column":54}},{"start":{"line":43,"column":54},"end":{"line":43,"column":54}}]},"7":{"line":47,"type":"if","locations":[{"start":{"line":47,"column":59},"end":{"line":47,"column":59}},{"start":{"line":47,"column":59},"end":{"line":47,"column":59}}]},"8":{"line":62,"type":"if","locations":[{"start":{"line":62,"column":8},"end":{"line":62,"column":8}},{"start":{"line":62,"column":8},"end":{"line":62,"column":8}}]},"9":{"line":70,"type":"if","locations":[{"start":{"line":70,"column":8},"end":{"line":70,"column":8}},{"start":{"line":70,"column":8},"end":{"line":70,"column":8}}]}}},"contracts\\Diamond\\ComplianceFacet.sol":{"l":{"10":2,"11":2,"12":1,"17":2,"21":2,"25":2,"29":2,"34":2,"38":5,"43":1,"44":1,"46":1,"47":1,"50":1,"51":1,"54":1,"55":1,"66":2,"70":4,"74":2,"78":1},"path":"C:\\Users\\Fernando\\Documents\\solidity\\alastria\\security-tokens-versions\\contracts\\Diamond\\ComplianceFacet.sol","s":{"1":2,"2":2,"3":2,"4":2,"5":2,"6":2,"7":2,"8":5,"9":1,"10":1,"11":1,"12":1,"13":2,"14":4,"15":2,"16":1},"b":{"1":[1,1],"2":[1,1],"3":[1,0],"4":[1,0]},"f":{"1":2,"2":2,"3":2,"4":2,"5":2,"6":2,"7":5,"8":1,"9":2,"10":4,"11":2,"12":1},"fnMap":{"1":{"name":"onlyRole","line":9,"loc":{"start":{"line":9,"column":4},"end":{"line":13,"column":4}}},"2":{"name":"isin","line":16,"loc":{"start":{"line":16,"column":4},"end":{"line":18,"column":4}}},"3":{"name":"instrumentType","line":20,"loc":{"start":{"line":20,"column":4},"end":{"line":22,"column":4}}},"4":{"name":"jurisdiction","line":24,"loc":{"start":{"line":24,"column":4},"end":{"line":26,"column":4}}},"5":{"name":"cap","line":28,"loc":{"start":{"line":28,"column":4},"end":{"line":30,"column":4}}},"6":{"name":"getTransactionRecord","line":33,"loc":{"start":{"line":33,"column":4},"end":{"line":35,"column":4}}},"7":{"name":"transactionCount","line":37,"loc":{"start":{"line":37,"column":4},"end":{"line":39,"column":4}}},"8":{"name":"revertTransaction","line":42,"loc":{"start":{"line":42,"column":4},"end":{"line":62,"column":4}}},"9":{"name":"ADMIN_ROLE","line":65,"loc":{"start":{"line":65,"column":4},"end":{"line":67,"column":4}}},"10":{"name":"MINTER_ROLE","line":69,"loc":{"start":{"line":69,"column":4},"end":{"line":71,"column":4}}},"11":{"name":"PAUSER_ROLE","line":73,"loc":{"start":{"line":73,"column":4},"end":{"line":75,"column":4}}},"12":{"name":"DEFAULT_ADMIN_ROLE","line":77,"loc":{"start":{"line":77,"column":4},"end":{"line":79,"column":4}}}},"statementMap":{"1":{"start":{"line":10,"column":8},"end":{"line":10,"column":99}},"2":{"start":{"line":11,"column":8},"end":{"line":11,"column":85}},"3":{"start":{"line":17,"column":8},"end":{"line":17,"column":59}},"4":{"start":{"line":21,"column":8},"end":{"line":21,"column":69}},"5":{"start":{"line":25,"column":8},"end":{"line":25,"column":67}},"6":{"start":{"line":29,"column":8},"end":{"line":29,"column":58}},"7":{"start":{"line":34,"column":8},"end":{"line":34,"column":77}},"8":{"start":{"line":38,"column":8},"end":{"line":38,"column":71}},"9":{"start":{"line":43,"column":8},"end":{"line":43,"column":99}},"10":{"start":{"line":44,"column":8},"end":{"line":44,"column":96}},"11":{"start":{"line":46,"column":8},"end":{"line":46,"column":98}},"12":{"start":{"line":47,"column":8},"end":{"line":47,"column":93}},"13":{"start":{"line":66,"column":8},"end":{"line":66,"column":64}},"14":{"start":{"line":70,"column":8},"end":{"line":70,"column":65}},"15":{"start":{"line":74,"column":8},"end":{"line":74,"column":65}},"16":{"start":{"line":78,"column":8},"end":{"line":78,"column":71}}},"branchMap":{"1":{"line":11,"type":"if","locations":[{"start":{"line":11,"column":8},"end":{"line":11,"column":8}},{"start":{"line":11,"column":8},"end":{"line":11,"column":8}}]},"2":{"line":42,"type":"if","locations":[{"start":{"line":42,"column":63},"end":{"line":42,"column":63}},{"start":{"line":42,"column":63},"end":{"line":42,"column":63}}]},"3":{"line":46,"type":"if","locations":[{"start":{"line":46,"column":8},"end":{"line":46,"column":8}},{"start":{"line":46,"column":8},"end":{"line":46,"column":8}}]},"4":{"line":47,"type":"if","locations":[{"start":{"line":47,"column":8},"end":{"line":47,"column":8}},{"start":{"line":47,"column":8},"end":{"line":47,"column":8}}]}}},"contracts\\Diamond\\Diamond.sol":{"l":{"8":1,"9":1,"12":1,"13":1,"14":1,"15":1,"21":83,"22":83,"24":83,"28":83,"29":83,"31":83},"path":"C:\\Users\\Fernando\\Documents\\solidity\\alastria\\security-tokens-versions\\contracts\\Diamond\\Diamond.sol","s":{"1":1,"2":1,"3":1,"4":83,"5":83,"6":83,"7":83},"b":{"1":[83,0]},"f":{"1":1,"2":83},"fnMap":{"1":{"name":"constructor","line":7,"loc":{"start":{"line":7,"column":4},"end":{"line":16,"column":4}}},"2":{"name":null,"line":20,"loc":{"start":{"line":20,"column":4},"end":{"line":47,"column":4}}}},"statementMap":{"1":{"start":{"line":8,"column":8},"end":{"line":8,"column":46}},"2":{"start":{"line":9,"column":8},"end":{"line":9,"column":59}},"3":{"start":{"line":12,"column":8},"end":{"line":12,"column":74}},"4":{"start":{"line":21,"column":8},"end":{"line":21,"column":44}},"5":{"start":{"line":22,"column":8},"end":{"line":22,"column":62}},"6":{"start":{"line":28,"column":8},"end":{"line":28,"column":75}},"7":{"start":{"line":29,"column":8},"end":{"line":29,"column":71}}},"branchMap":{"1":{"line":29,"type":"if","locations":[{"start":{"line":29,"column":8},"end":{"line":29,"column":8}},{"start":{"line":29,"column":8},"end":{"line":29,"column":8}}]}}},"contracts\\Diamond\\DiamondCutFacet.sol":{"l":{"13":0,"14":0},"path":"C:\\Users\\Fernando\\Documents\\solidity\\alastria\\security-tokens-versions\\contracts\\Diamond\\DiamondCutFacet.sol","s":{"1":0,"2":0},"b":{},"f":{"1":0},"fnMap":{"1":{"name":"diamondCut","line":8,"loc":{"start":{"line":8,"column":4},"end":{"line":15,"column":4}}}},"statementMap":{"1":{"start":{"line":13,"column":8},"end":{"line":13,"column":42}},"2":{"start":{"line":14,"column":8},"end":{"line":14,"column":59}}},"branchMap":{}},"contracts\\Diamond\\DiamondInit.sol":{"l":{"17":1,"19":1,"22":1,"23":1,"24":1,"25":1,"28":1,"29":1,"30":1,"33":1,"34":1,"35":1,"36":1,"39":1,"40":1,"41":1,"42":1,"45":1,"46":1,"47":1},"path":"C:\\Users\\Fernando\\Documents\\solidity\\alastria\\security-tokens-versions\\contracts\\Diamond\\DiamondInit.sol","s":{"1":1,"2":1},"b":{"1":[1,0]},"f":{"1":1},"fnMap":{"1":{"name":"init","line":8,"loc":{"start":{"line":8,"column":4},"end":{"line":48,"column":4}}}},"statementMap":{"1":{"start":{"line":17,"column":8},"end":{"line":17,"column":67}},"2":{"start":{"line":19,"column":8},"end":{"line":19,"column":99}}},"branchMap":{"1":{"line":17,"type":"if","locations":[{"start":{"line":17,"column":8},"end":{"line":17,"column":8}},{"start":{"line":17,"column":8},"end":{"line":17,"column":8}}]}}},"contracts\\Diamond\\DiamondLoupeFacet.sol":{"l":{"8":1,"9":1,"10":1,"11":1,"12":6,"13":6,"14":6,"19":0,"20":0,"24":0,"25":0,"29":0,"30":0,"35":0,"36":0},"path":"C:\\Users\\Fernando\\Documents\\solidity\\alastria\\security-tokens-versions\\contracts\\Diamond\\DiamondLoupeFacet.sol","s":{"1":1,"2":1,"3":1,"4":6,"5":0,"6":0,"7":0,"8":0,"9":0},"b":{},"f":{"1":1,"2":0,"3":0,"4":0,"5":0},"fnMap":{"1":{"name":"facets","line":7,"loc":{"start":{"line":7,"column":4},"end":{"line":16,"column":4}}},"2":{"name":"facetFunctionSelectors","line":18,"loc":{"start":{"line":18,"column":4},"end":{"line":21,"column":4}}},"3":{"name":"facetAddresses","line":23,"loc":{"start":{"line":23,"column":4},"end":{"line":26,"column":4}}},"4":{"name":"facetAddress","line":28,"loc":{"start":{"line":28,"column":4},"end":{"line":31,"column":4}}},"5":{"name":"supportsInterface","line":34,"loc":{"start":{"line":34,"column":4},"end":{"line":37,"column":4}}}},"statementMap":{"1":{"start":{"line":8,"column":8},"end":{"line":8,"column":74}},"2":{"start":{"line":9,"column":8},"end":{"line":9,"column":52}},"3":{"start":{"line":11,"column":8},"end":{"line":11,"column":496}},"4":{"start":{"line":12,"column":12},"end":{"line":12,"column":56}},"5":{"start":{"line":19,"column":8},"end":{"line":19,"column":74}},"6":{"start":{"line":24,"column":8},"end":{"line":24,"column":74}},"7":{"start":{"line":29,"column":8},"end":{"line":29,"column":74}},"8":{"start":{"line":35,"column":8},"end":{"line":35,"column":74}},"9":{"start":{"line":36,"column":8},"end":{"line":36,"column":51}}},"branchMap":{}},"contracts\\Diamond\\ERC20Facet.sol":{"l":{"12":1,"16":1,"20":1,"24":5,"28":10,"32":5,"33":2,"37":0,"41":0,"42":0,"46":0,"48":0,"49":0,"51":0,"52":0,"54":0,"58":5,"59":5,"61":5,"64":5,"65":4,"66":4,"67":3,"68":2,"70":2,"71":2,"73":2,"74":2,"77":2,"78":2,"86":2,"90":0,"91":0,"93":0,"94":0},"path":"C:\\Users\\Fernando\\Documents\\solidity\\alastria\\security-tokens-versions\\contracts\\Diamond\\ERC20Facet.sol","s":{"1":1,"2":1,"3":1,"4":5,"5":10,"6":5,"7":2,"8":0,"9":0,"10":0,"11":0,"12":0,"13":0,"14":0,"15":0,"16":0,"17":5,"18":5,"19":5,"20":5,"21":4,"22":4,"23":3,"24":2,"25":2,"26":2,"27":2,"28":0,"29":0,"30":0},"b":{"1":[0,0],"2":[5,0],"3":[5,0],"4":[4,1],"5":[4,0],"6":[3,1],"7":[2,1],"8":[2,0],"9":[2,0],"10":[0,0],"11":[0,0]},"f":{"1":1,"2":1,"3":1,"4":5,"5":10,"6":5,"7":0,"8":0,"9":0,"10":5,"11":0},"fnMap":{"1":{"name":"name","line":11,"loc":{"start":{"line":11,"column":4},"end":{"line":13,"column":4}}},"2":{"name":"symbol","line":15,"loc":{"start":{"line":15,"column":4},"end":{"line":17,"column":4}}},"3":{"name":"decimals","line":19,"loc":{"start":{"line":19,"column":4},"end":{"line":21,"column":4}}},"4":{"name":"totalSupply","line":23,"loc":{"start":{"line":23,"column":4},"end":{"line":25,"column":4}}},"5":{"name":"balanceOf","line":27,"loc":{"start":{"line":27,"column":4},"end":{"line":29,"column":4}}},"6":{"name":"transfer","line":31,"loc":{"start":{"line":31,"column":4},"end":{"line":34,"column":4}}},"7":{"name":"allowance","line":36,"loc":{"start":{"line":36,"column":4},"end":{"line":38,"column":4}}},"8":{"name":"approve","line":40,"loc":{"start":{"line":40,"column":4},"end":{"line":43,"column":4}}},"9":{"name":"transferFrom","line":45,"loc":{"start":{"line":45,"column":4},"end":{"line":55,"column":4}}},"10":{"name":"_transfer","line":57,"loc":{"start":{"line":57,"column":4},"end":{"line":87,"column":4}}},"11":{"name":"_approve","line":89,"loc":{"start":{"line":89,"column":4},"end":{"line":95,"column":4}}}},"statementMap":{"1":{"start":{"line":12,"column":8},"end":{"line":12,"column":59}},"2":{"start":{"line":16,"column":8},"end":{"line":16,"column":61}},"3":{"start":{"line":20,"column":8},"end":{"line":20,"column":63}},"4":{"start":{"line":24,"column":8},"end":{"line":24,"column":66}},"5":{"start":{"line":28,"column":8},"end":{"line":28,"column":72}},"6":{"start":{"line":32,"column":8},"end":{"line":32,"column":40}},"7":{"start":{"line":33,"column":8},"end":{"line":33,"column":19}},"8":{"start":{"line":37,"column":8},"end":{"line":37,"column":81}},"9":{"start":{"line":41,"column":8},"end":{"line":41,"column":44}},"10":{"start":{"line":42,"column":8},"end":{"line":42,"column":19}},"11":{"start":{"line":46,"column":8},"end":{"line":46,"column":99}},"12":{"start":{"line":48,"column":8},"end":{"line":48,"column":67}},"13":{"start":{"line":49,"column":8},"end":{"line":49,"column":75}},"14":{"start":{"line":51,"column":8},"end":{"line":51,"column":34}},"15":{"start":{"line":52,"column":8},"end":{"line":52,"column":60}},"16":{"start":{"line":54,"column":8},"end":{"line":54,"column":19}},"17":{"start":{"line":58,"column":8},"end":{"line":58,"column":71}},"18":{"start":{"line":59,"column":8},"end":{"line":59,"column":67}},"19":{"start":{"line":61,"column":8},"end":{"line":61,"column":99}},"20":{"start":{"line":64,"column":8},"end":{"line":64,"column":73}},"21":{"start":{"line":65,"column":8},"end":{"line":65,"column":64}},"22":{"start":{"line":66,"column":8},"end":{"line":66,"column":61}},"23":{"start":{"line":67,"column":8},"end":{"line":67,"column":65}},"24":{"start":{"line":68,"column":8},"end":{"line":68,"column":62}},"25":{"start":{"line":70,"column":8},"end":{"line":70,"column":48}},"26":{"start":{"line":71,"column":8},"end":{"line":71,"column":79}},"27":{"start":{"line":86,"column":8},"end":{"line":86,"column":39}},"28":{"start":{"line":90,"column":8},"end":{"line":90,"column":71}},"29":{"start":{"line":91,"column":8},"end":{"line":91,"column":71}},"30":{"start":{"line":94,"column":8},"end":{"line":94,"column":45}}},"branchMap":{"1":{"line":49,"type":"if","locations":[{"start":{"line":49,"column":8},"end":{"line":49,"column":8}},{"start":{"line":49,"column":8},"end":{"line":49,"column":8}}]},"2":{"line":58,"type":"if","locations":[{"start":{"line":58,"column":8},"end":{"line":58,"column":8}},{"start":{"line":58,"column":8},"end":{"line":58,"column":8}}]},"3":{"line":59,"type":"if","locations":[{"start":{"line":59,"column":8},"end":{"line":59,"column":8}},{"start":{"line":59,"column":8},"end":{"line":59,"column":8}}]},"4":{"line":64,"type":"if","locations":[{"start":{"line":64,"column":8},"end":{"line":64,"column":8}},{"start":{"line":64,"column":8},"end":{"line":64,"column":8}}]},"5":{"line":65,"type":"if","locations":[{"start":{"line":65,"column":8},"end":{"line":65,"column":8}},{"start":{"line":65,"column":8},"end":{"line":65,"column":8}}]},"6":{"line":66,"type":"if","locations":[{"start":{"line":66,"column":8},"end":{"line":66,"column":8}},{"start":{"line":66,"column":8},"end":{"line":66,"column":8}}]},"7":{"line":67,"type":"if","locations":[{"start":{"line":67,"column":8},"end":{"line":67,"column":8}},{"start":{"line":67,"column":8},"end":{"line":67,"column":8}}]},"8":{"line":68,"type":"if","locations":[{"start":{"line":68,"column":8},"end":{"line":68,"column":8}},{"start":{"line":68,"column":8},"end":{"line":68,"column":8}}]},"9":{"line":71,"type":"if","locations":[{"start":{"line":71,"column":8},"end":{"line":71,"column":8}},{"start":{"line":71,"column":8},"end":{"line":71,"column":8}}]},"10":{"line":90,"type":"if","locations":[{"start":{"line":90,"column":8},"end":{"line":90,"column":8}},{"start":{"line":90,"column":8},"end":{"line":90,"column":8}}]},"11":{"line":91,"type":"if","locations":[{"start":{"line":91,"column":8},"end":{"line":91,"column":8}},{"start":{"line":91,"column":8},"end":{"line":91,"column":8}}]}}},"contracts\\Diamond\\Interfaces\\Interfaces.sol":{"l":{},"path":"C:\\Users\\Fernando\\Documents\\solidity\\alastria\\security-tokens-versions\\contracts\\Diamond\\Interfaces\\Interfaces.sol","s":{},"b":{},"f":{},"fnMap":{},"statementMap":{},"branchMap":{}},"contracts\\Diamond\\Librarys\\LibDiamond.sol":{"l":{"33":9,"34":9,"42":1,"43":1,"44":1,"45":1,"49":0,"53":0,"64":1,"65":6,"66":6,"67":6,"69":0,"71":0,"73":0,"76":1,"77":1,"81":6,"82":6,"83":6,"84":6,"86":6,"87":6,"89":6,"90":42,"91":42,"92":42,"93":42,"94":42,"99":0,"100":0,"101":0,"102":0,"104":0,"105":0,"107":0,"108":0,"109":0,"110":0,"111":0,"112":0,"113":0,"118":0,"119":0,"121":0,"122":0,"123":0,"124":0,"125":0,"130":6,"131":6,"132":6,"136":42,"137":42,"138":42,"142":0,"144":0,"146":0,"147":0,"149":0,"150":0,"151":0,"152":0,"155":0,"156":0,"159":0,"161":0,"162":0,"163":0,"164":0,"165":0,"166":0,"168":0,"169":0,"174":1,"175":0,"177":1,"178":1,"179":1,"180":0,"183":0,"188":0,"194":7,"195":7,"198":7},"path":"C:\\Users\\Fernando\\Documents\\solidity\\alastria\\security-tokens-versions\\contracts\\Diamond\\Librarys\\LibDiamond.sol","s":{"1":9,"2":1,"3":1,"4":1,"5":0,"6":1,"7":6,"8":6,"9":6,"10":0,"11":0,"12":0,"13":0,"14":0,"15":1,"16":1,"17":6,"18":6,"19":6,"20":6,"21":6,"22":6,"23":6,"24":42,"25":42,"26":42,"27":42,"28":0,"29":0,"30":0,"31":0,"32":0,"33":0,"34":0,"35":0,"36":0,"37":0,"38":0,"39":0,"40":0,"41":0,"42":0,"43":0,"44":0,"45":0,"46":0,"47":6,"48":6,"49":42,"50":0,"51":0,"52":0,"53":0,"54":0,"55":0,"56":0,"57":0,"58":0,"59":0,"60":0,"61":0,"62":0,"63":1,"64":0,"65":1,"66":1,"67":1,"68":0,"69":0,"70":7,"71":7},"b":{"1":[0,0],"2":[6,0],"3":[0,0],"4":[0,0],"5":[6,0],"6":[6,0],"7":[6,0],"8":[42,0],"9":[0,0],"10":[0,0],"11":[0,0],"12":[0,0],"13":[0,0],"14":[0,0],"15":[0,0],"16":[0,0],"17":[0,0],"18":[0,0],"19":[0,0],"20":[0,1],"21":[0,1],"22":[0,0],"23":[7,0]},"f":{"1":9,"2":1,"3":0,"4":0,"5":1,"6":6,"7":0,"8":0,"9":6,"10":42,"11":0,"12":1,"13":7},"fnMap":{"1":{"name":"diamondStorage","line":32,"loc":{"start":{"line":32,"column":4},"end":{"line":37,"column":4}}},"2":{"name":"setContractOwner","line":41,"loc":{"start":{"line":41,"column":4},"end":{"line":46,"column":4}}},"3":{"name":"contractOwner","line":48,"loc":{"start":{"line":48,"column":4},"end":{"line":50,"column":4}}},"4":{"name":"enforceIsContractOwner","line":52,"loc":{"start":{"line":52,"column":4},"end":{"line":54,"column":4}}},"5":{"name":"diamondCut","line":59,"loc":{"start":{"line":59,"column":4},"end":{"line":78,"column":4}}},"6":{"name":"addFunctions","line":80,"loc":{"start":{"line":80,"column":4},"end":{"line":96,"column":4}}},"7":{"name":"replaceFunctions","line":98,"loc":{"start":{"line":98,"column":4},"end":{"line":115,"column":4}}},"8":{"name":"removeFunctions","line":117,"loc":{"start":{"line":117,"column":4},"end":{"line":127,"column":4}}},"9":{"name":"addFacet","line":129,"loc":{"start":{"line":129,"column":4},"end":{"line":133,"column":4}}},"10":{"name":"addFunction","line":135,"loc":{"start":{"line":135,"column":4},"end":{"line":139,"column":4}}},"11":{"name":"removeFunction","line":141,"loc":{"start":{"line":141,"column":4},"end":{"line":171,"column":4}}},"12":{"name":"initializeDiamondCut","line":173,"loc":{"start":{"line":173,"column":4},"end":{"line":191,"column":4}}},"13":{"name":"enforceHasContractCode","line":193,"loc":{"start":{"line":193,"column":4},"end":{"line":199,"column":4}}}},"statementMap":{"1":{"start":{"line":33,"column":8},"end":{"line":33,"column":51}},"2":{"start":{"line":42,"column":8},"end":{"line":42,"column":52}},"3":{"start":{"line":43,"column":8},"end":{"line":43,"column":48}},"4":{"start":{"line":45,"column":8},"end":{"line":45,"column":59}},"5":{"start":{"line":53,"column":8},"end":{"line":53,"column":98}},"6":{"start":{"line":64,"column":8},"end":{"line":64,"column":2478}},"7":{"start":{"line":65,"column":12},"end":{"line":65,"column":78}},"8":{"start":{"line":66,"column":12},"end":{"line":66,"column":2650}},"9":{"start":{"line":67,"column":16},"end":{"line":67,"column":108}},"10":{"start":{"line":68,"column":19},"end":{"line":68,"column":2830}},"11":{"start":{"line":69,"column":16},"end":{"line":69,"column":112}},"12":{"start":{"line":70,"column":19},"end":{"line":70,"column":3018}},"13":{"start":{"line":71,"column":16},"end":{"line":71,"column":111}},"14":{"start":{"line":73,"column":16},"end":{"line":73,"column":64}},"15":{"start":{"line":76,"column":8},"end":{"line":76,"column":54}},"16":{"start":{"line":77,"column":8},"end":{"line":77,"column":45}},"17":{"start":{"line":81,"column":8},"end":{"line":81,"column":92}},"18":{"start":{"line":82,"column":8},"end":{"line":82,"column":52}},"19":{"start":{"line":83,"column":8},"end":{"line":83,"column":91}},"20":{"start":{"line":84,"column":8},"end":{"line":84,"column":107}},"21":{"start":{"line":86,"column":8},"end":{"line":86,"column":3936}},"22":{"start":{"line":87,"column":12},"end":{"line":87,"column":38}},"23":{"start":{"line":89,"column":8},"end":{"line":89,"column":4039}},"24":{"start":{"line":90,"column":12},"end":{"line":90,"column":63}},"25":{"start":{"line":91,"column":12},"end":{"line":91,"column":90}},"26":{"start":{"line":92,"column":12},"end":{"line":92,"column":106}},"27":{"start":{"line":93,"column":12},"end":{"line":93,"column":69}},"28":{"start":{"line":99,"column":8},"end":{"line":99,"column":92}},"29":{"start":{"line":100,"column":8},"end":{"line":100,"column":52}},"30":{"start":{"line":101,"column":8},"end":{"line":101,"column":91}},"31":{"start":{"line":102,"column":8},"end":{"line":102,"column":107}},"32":{"start":{"line":104,"column":8},"end":{"line":104,"column":5045}},"33":{"start":{"line":105,"column":12},"end":{"line":105,"column":38}},"34":{"start":{"line":107,"column":8},"end":{"line":107,"column":5136}},"35":{"start":{"line":108,"column":12},"end":{"line":108,"column":63}},"36":{"start":{"line":109,"column":12},"end":{"line":109,"column":90}},"37":{"start":{"line":110,"column":12},"end":{"line":110,"column":112}},"38":{"start":{"line":111,"column":12},"end":{"line":111,"column":56}},"39":{"start":{"line":112,"column":12},"end":{"line":112,"column":69}},"40":{"start":{"line":118,"column":8},"end":{"line":118,"column":92}},"41":{"start":{"line":119,"column":8},"end":{"line":119,"column":52}},"42":{"start":{"line":121,"column":8},"end":{"line":121,"column":101}},"43":{"start":{"line":122,"column":8},"end":{"line":122,"column":6118}},"44":{"start":{"line":123,"column":12},"end":{"line":123,"column":63}},"45":{"start":{"line":124,"column":12},"end":{"line":124,"column":90}},"46":{"start":{"line":125,"column":12},"end":{"line":125,"column":56}},"47":{"start":{"line":130,"column":8},"end":{"line":130,"column":84}},"48":{"start":{"line":132,"column":8},"end":{"line":132,"column":44}},"49":{"start":{"line":137,"column":8},"end":{"line":137,"column":81}},"50":{"start":{"line":142,"column":8},"end":{"line":142,"column":102}},"51":{"start":{"line":144,"column":8},"end":{"line":144,"column":96}},"52":{"start":{"line":146,"column":8},"end":{"line":146,"column":100}},"53":{"start":{"line":147,"column":8},"end":{"line":147,"column":108}},"54":{"start":{"line":149,"column":8},"end":{"line":149,"column":7947}},"55":{"start":{"line":150,"column":12},"end":{"line":150,"column":114}},"56":{"start":{"line":155,"column":8},"end":{"line":155,"column":71}},"57":{"start":{"line":159,"column":8},"end":{"line":159,"column":8601}},"58":{"start":{"line":161,"column":12},"end":{"line":161,"column":75}},"59":{"start":{"line":162,"column":12},"end":{"line":162,"column":104}},"60":{"start":{"line":163,"column":12},"end":{"line":163,"column":8928}},"61":{"start":{"line":164,"column":16},"end":{"line":164,"column":86}},"62":{"start":{"line":168,"column":12},"end":{"line":168,"column":34}},"63":{"start":{"line":174,"column":8},"end":{"line":174,"column":9502}},"64":{"start":{"line":175,"column":12},"end":{"line":175,"column":18}},"65":{"start":{"line":177,"column":8},"end":{"line":177,"column":80}},"66":{"start":{"line":178,"column":8},"end":{"line":178,"column":74}},"67":{"start":{"line":179,"column":8},"end":{"line":179,"column":9739}},"68":{"start":{"line":180,"column":12},"end":{"line":180,"column":9772}},"69":{"start":{"line":188,"column":16},"end":{"line":188,"column":63}},"70":{"start":{"line":194,"column":8},"end":{"line":194,"column":28}},"71":{"start":{"line":198,"column":8},"end":{"line":198,"column":47}}},"branchMap":{"1":{"line":53,"type":"if","locations":[{"start":{"line":53,"column":8},"end":{"line":53,"column":8}},{"start":{"line":53,"column":8},"end":{"line":53,"column":8}}]},"2":{"line":66,"type":"if","locations":[{"start":{"line":66,"column":12},"end":{"line":66,"column":12}},{"start":{"line":66,"column":12},"end":{"line":66,"column":12}}]},"3":{"line":68,"type":"if","locations":[{"start":{"line":68,"column":19},"end":{"line":68,"column":19}},{"start":{"line":68,"column":19},"end":{"line":68,"column":19}}]},"4":{"line":70,"type":"if","locations":[{"start":{"line":70,"column":19},"end":{"line":70,"column":19}},{"start":{"line":70,"column":19},"end":{"line":70,"column":19}}]},"5":{"line":81,"type":"if","locations":[{"start":{"line":81,"column":8},"end":{"line":81,"column":8}},{"start":{"line":81,"column":8},"end":{"line":81,"column":8}}]},"6":{"line":83,"type":"if","locations":[{"start":{"line":83,"column":8},"end":{"line":83,"column":8}},{"start":{"line":83,"column":8},"end":{"line":83,"column":8}}]},"7":{"line":86,"type":"if","locations":[{"start":{"line":86,"column":8},"end":{"line":86,"column":8}},{"start":{"line":86,"column":8},"end":{"line":86,"column":8}}]},"8":{"line":92,"type":"if","locations":[{"start":{"line":92,"column":12},"end":{"line":92,"column":12}},{"start":{"line":92,"column":12},"end":{"line":92,"column":12}}]},"9":{"line":99,"type":"if","locations":[{"start":{"line":99,"column":8},"end":{"line":99,"column":8}},{"start":{"line":99,"column":8},"end":{"line":99,"column":8}}]},"10":{"line":101,"type":"if","locations":[{"start":{"line":101,"column":8},"end":{"line":101,"column":8}},{"start":{"line":101,"column":8},"end":{"line":101,"column":8}}]},"11":{"line":104,"type":"if","locations":[{"start":{"line":104,"column":8},"end":{"line":104,"column":8}},{"start":{"line":104,"column":8},"end":{"line":104,"column":8}}]},"12":{"line":110,"type":"if","locations":[{"start":{"line":110,"column":12},"end":{"line":110,"column":12}},{"start":{"line":110,"column":12},"end":{"line":110,"column":12}}]},"13":{"line":118,"type":"if","locations":[{"start":{"line":118,"column":8},"end":{"line":118,"column":8}},{"start":{"line":118,"column":8},"end":{"line":118,"column":8}}]},"14":{"line":121,"type":"if","locations":[{"start":{"line":121,"column":8},"end":{"line":121,"column":8}},{"start":{"line":121,"column":8},"end":{"line":121,"column":8}}]},"15":{"line":142,"type":"if","locations":[{"start":{"line":142,"column":8},"end":{"line":142,"column":8}},{"start":{"line":142,"column":8},"end":{"line":142,"column":8}}]},"16":{"line":144,"type":"if","locations":[{"start":{"line":144,"column":8},"end":{"line":144,"column":8}},{"start":{"line":144,"column":8},"end":{"line":144,"column":8}}]},"17":{"line":149,"type":"if","locations":[{"start":{"line":149,"column":8},"end":{"line":149,"column":8}},{"start":{"line":149,"column":8},"end":{"line":149,"column":8}}]},"18":{"line":159,"type":"if","locations":[{"start":{"line":159,"column":8},"end":{"line":159,"column":8}},{"start":{"line":159,"column":8},"end":{"line":159,"column":8}}]},"19":{"line":163,"type":"if","locations":[{"start":{"line":163,"column":12},"end":{"line":163,"column":12}},{"start":{"line":163,"column":12},"end":{"line":163,"column":12}}]},"20":{"line":174,"type":"if","locations":[{"start":{"line":174,"column":8},"end":{"line":174,"column":8}},{"start":{"line":174,"column":8},"end":{"line":174,"column":8}}]},"21":{"line":179,"type":"if","locations":[{"start":{"line":179,"column":8},"end":{"line":179,"column":8}},{"start":{"line":179,"column":8},"end":{"line":179,"column":8}}]},"22":{"line":180,"type":"if","locations":[{"start":{"line":180,"column":12},"end":{"line":180,"column":12}},{"start":{"line":180,"column":12},"end":{"line":180,"column":12}}]},"23":{"line":198,"type":"if","locations":[{"start":{"line":198,"column":8},"end":{"line":198,"column":8}},{"start":{"line":198,"column":8},"end":{"line":198,"column":8}}]}}},"contracts\\Diamond\\Librarys\\LibSecurityToken.sol":{"l":{"55":122,"56":122},"path":"C:\\Users\\Fernando\\Documents\\solidity\\alastria\\security-tokens-versions\\contracts\\Diamond\\Librarys\\LibSecurityToken.sol","s":{"1":122},"b":{},"f":{"1":122},"fnMap":{"1":{"name":"securityTokenStorage","line":54,"loc":{"start":{"line":54,"column":4},"end":{"line":59,"column":4}}}},"statementMap":{"1":{"start":{"line":55,"column":8},"end":{"line":55,"column":58}}},"branchMap":{}},"contracts\\Diamond\\MintingFacet.sol":{"l":{"11":3,"12":3,"13":3,"17":3,"19":3,"22":3,"24":2,"25":2,"28":2,"29":2,"37":2,"41":1,"45":0,"47":0,"48":0,"50":0,"51":0,"55":1,"57":1,"59":1,"60":1,"62":1,"63":1,"66":1,"67":1,"75":1},"path":"C:\\Users\\Fernando\\Documents\\solidity\\alastria\\security-tokens-versions\\contracts\\Diamond\\MintingFacet.sol","s":{"1":3,"2":3,"3":3,"4":3,"5":3,"6":2,"7":1,"8":0,"9":0,"10":0,"11":0,"12":1,"13":1,"14":1,"15":1,"16":1},"b":{"1":[3,0],"2":[3,0],"3":[3,0],"4":[2,1],"5":[0,0],"6":[1,0],"7":[1,0]},"f":{"1":3,"2":3,"3":1,"4":0,"5":1},"fnMap":{"1":{"name":"onlyRole","line":10,"loc":{"start":{"line":10,"column":4},"end":{"line":14,"column":4}}},"2":{"name":"mint","line":16,"loc":{"start":{"line":16,"column":4},"end":{"line":38,"column":4}}},"3":{"name":"burn","line":40,"loc":{"start":{"line":40,"column":4},"end":{"line":42,"column":4}}},"4":{"name":"burnFrom","line":44,"loc":{"start":{"line":44,"column":4},"end":{"line":52,"column":4}}},"5":{"name":"_burn","line":54,"loc":{"start":{"line":54,"column":4},"end":{"line":76,"column":4}}}},"statementMap":{"1":{"start":{"line":11,"column":8},"end":{"line":11,"column":99}},"2":{"start":{"line":12,"column":8},"end":{"line":12,"column":85}},"3":{"start":{"line":17,"column":8},"end":{"line":17,"column":63}},"4":{"start":{"line":19,"column":8},"end":{"line":19,"column":99}},"5":{"start":{"line":22,"column":8},"end":{"line":22,"column":80}},"6":{"start":{"line":37,"column":8},"end":{"line":37,"column":45}},"7":{"start":{"line":41,"column":8},"end":{"line":41,"column":32}},"8":{"start":{"line":45,"column":8},"end":{"line":45,"column":99}},"9":{"start":{"line":47,"column":8},"end":{"line":47,"column":70}},"10":{"start":{"line":48,"column":8},"end":{"line":48,"column":75}},"11":{"start":{"line":50,"column":8},"end":{"line":50,"column":29}},"12":{"start":{"line":55,"column":8},"end":{"line":55,"column":67}},"13":{"start":{"line":57,"column":8},"end":{"line":57,"column":99}},"14":{"start":{"line":59,"column":8},"end":{"line":59,"column":51}},"15":{"start":{"line":60,"column":8},"end":{"line":60,"column":78}},"16":{"start":{"line":75,"column":8},"end":{"line":75,"column":47}}},"branchMap":{"1":{"line":12,"type":"if","locations":[{"start":{"line":12,"column":8},"end":{"line":12,"column":8}},{"start":{"line":12,"column":8},"end":{"line":12,"column":8}}]},"2":{"line":16,"type":"if","locations":[{"start":{"line":16,"column":55},"end":{"line":16,"column":55}},{"start":{"line":16,"column":55},"end":{"line":16,"column":55}}]},"3":{"line":17,"type":"if","locations":[{"start":{"line":17,"column":8},"end":{"line":17,"column":8}},{"start":{"line":17,"column":8},"end":{"line":17,"column":8}}]},"4":{"line":22,"type":"if","locations":[{"start":{"line":22,"column":8},"end":{"line":22,"column":8}},{"start":{"line":22,"column":8},"end":{"line":22,"column":8}}]},"5":{"line":48,"type":"if","locations":[{"start":{"line":48,"column":8},"end":{"line":48,"column":8}},{"start":{"line":48,"column":8},"end":{"line":48,"column":8}}]},"6":{"line":55,"type":"if","locations":[{"start":{"line":55,"column":8},"end":{"line":55,"column":8}},{"start":{"line":55,"column":8},"end":{"line":55,"column":8}}]},"7":{"line":60,"type":"if","locations":[{"start":{"line":60,"column":8},"end":{"line":60,"column":8}},{"start":{"line":60,"column":8},"end":{"line":60,"column":8}}]}}},"contracts\\Diamond\\OwnershipFacet.sol":{"l":{"7":0,"8":0,"12":0},"path":"C:\\Users\\Fernando\\Documents\\solidity\\alastria\\security-tokens-versions\\contracts\\Diamond\\OwnershipFacet.sol","s":{"1":0,"2":0},"b":{},"f":{"1":0,"2":0},"fnMap":{"1":{"name":"transferOwnership","line":6,"loc":{"start":{"line":6,"column":4},"end":{"line":9,"column":4}}},"2":{"name":"owner","line":11,"loc":{"start":{"line":11,"column":4},"end":{"line":13,"column":4}}}},"statementMap":{"1":{"start":{"line":7,"column":8},"end":{"line":7,"column":42}},"2":{"start":{"line":8,"column":8},"end":{"line":8,"column":45}}},"branchMap":{}},"contracts\\SecurityToken.sol":{"l":{"50":2,"52":2,"53":2,"54":2,"55":2,"56":2,"58":2,"59":2,"60":2,"62":2,"63":2,"64":2,"65":2,"69":1,"73":0,"77":0,"81":2,"85":0,"89":0,"93":0,"97":1,"98":1,"100":1,"104":2,"111":4,"113":4,"114":3,"115":3,"118":4,"119":4,"120":3,"123":3,"124":3,"132":3},"path":"C:\\Users\\Fernando\\Documents\\solidity\\alastria\\security-tokens-versions\\contracts\\SecurityToken.sol","s":{"1":2,"2":2,"3":2,"4":2,"5":2,"6":2,"7":2,"8":2,"9":2,"10":2,"11":1,"12":0,"13":0,"14":1,"15":1,"16":1,"17":2,"18":4,"19":4,"20":3,"21":3,"22":4,"23":4,"24":3,"25":3},"b":{"1":[2,0],"2":[2,0],"3":[1,0],"4":[0,0],"5":[0,0],"6":[2,0],"7":[0,0],"8":[0,0],"9":[0,0],"10":[1,0],"11":[1,0],"12":[4,0],"13":[3,1],"14":[3,0],"15":[3,0],"16":[4,0],"17":[3,1],"18":[3,0]},"f":{"1":2,"2":1,"3":0,"4":0,"5":2,"6":0,"7":0,"8":0,"9":1,"10":2,"11":4},"fnMap":{"1":{"name":"initialize","line":49,"loc":{"start":{"line":41,"column":4},"end":{"line":66,"column":4}}},"2":{"name":"mint","line":68,"loc":{"start":{"line":68,"column":4},"end":{"line":70,"column":4}}},"3":{"name":"pause","line":72,"loc":{"start":{"line":72,"column":4},"end":{"line":74,"column":4}}},"4":{"name":"unpause","line":76,"loc":{"start":{"line":76,"column":4},"end":{"line":78,"column":4}}},"5":{"name":"addToWhitelist","line":80,"loc":{"start":{"line":80,"column":4},"end":{"line":82,"column":4}}},"6":{"name":"removeFromWhitelist","line":84,"loc":{"start":{"line":84,"column":4},"end":{"line":86,"column":4}}},"7":{"name":"addToBlacklist","line":88,"loc":{"start":{"line":88,"column":4},"end":{"line":90,"column":4}}},"8":{"name":"removeFromBlacklist","line":92,"loc":{"start":{"line":92,"column":4},"end":{"line":94,"column":4}}},"9":{"name":"revertTransaction","line":96,"loc":{"start":{"line":96,"column":4},"end":{"line":101,"column":4}}},"10":{"name":"getTransactionRecord","line":103,"loc":{"start":{"line":103,"column":4},"end":{"line":105,"column":4}}},"11":{"name":"_update","line":107,"loc":{"start":{"line":107,"column":4},"end":{"line":133,"column":4}}}},"statementMap":{"1":{"start":{"line":50,"column":8},"end":{"line":50,"column":67}},"2":{"start":{"line":52,"column":8},"end":{"line":52,"column":33}},"3":{"start":{"line":53,"column":8},"end":{"line":53,"column":29}},"4":{"start":{"line":54,"column":8},"end":{"line":54,"column":29}},"5":{"start":{"line":55,"column":8},"end":{"line":55,"column":30}},"6":{"start":{"line":56,"column":8},"end":{"line":56,"column":29}},"7":{"start":{"line":62,"column":8},"end":{"line":62,"column":44}},"8":{"start":{"line":63,"column":8},"end":{"line":63,"column":36}},"9":{"start":{"line":64,"column":8},"end":{"line":64,"column":37}},"10":{"start":{"line":65,"column":8},"end":{"line":65,"column":37}},"11":{"start":{"line":69,"column":8},"end":{"line":69,"column":24}},"12":{"start":{"line":73,"column":8},"end":{"line":73,"column":15}},"13":{"start":{"line":77,"column":8},"end":{"line":77,"column":17}},"14":{"start":{"line":97,"column":8},"end":{"line":97,"column":76}},"15":{"start":{"line":98,"column":8},"end":{"line":98,"column":98}},"16":{"start":{"line":100,"column":8},"end":{"line":100,"column":55}},"17":{"start":{"line":104,"column":8},"end":{"line":104,"column":38}},"18":{"start":{"line":111,"column":8},"end":{"line":111,"column":71}},"19":{"start":{"line":113,"column":8},"end":{"line":113,"column":4010}},"20":{"start":{"line":114,"column":12},"end":{"line":114,"column":64}},"21":{"start":{"line":115,"column":12},"end":{"line":115,"column":61}},"22":{"start":{"line":118,"column":8},"end":{"line":118,"column":4191}},"23":{"start":{"line":119,"column":12},"end":{"line":119,"column":65}},"24":{"start":{"line":120,"column":12},"end":{"line":120,"column":62}},"25":{"start":{"line":132,"column":8},"end":{"line":132,"column":38}}},"branchMap":{"1":{"line":49,"type":"if","locations":[{"start":{"line":49,"column":21},"end":{"line":49,"column":21}},{"start":{"line":49,"column":21},"end":{"line":49,"column":21}}]},"2":{"line":50,"type":"if","locations":[{"start":{"line":50,"column":8},"end":{"line":50,"column":8}},{"start":{"line":50,"column":8},"end":{"line":50,"column":8}}]},"3":{"line":68,"type":"if","locations":[{"start":{"line":68,"column":53},"end":{"line":68,"column":53}},{"start":{"line":68,"column":53},"end":{"line":68,"column":53}}]},"4":{"line":72,"type":"if","locations":[{"start":{"line":72,"column":28},"end":{"line":72,"column":28}},{"start":{"line":72,"column":28},"end":{"line":72,"column":28}}]},"5":{"line":76,"type":"if","locations":[{"start":{"line":76,"column":30},"end":{"line":76,"column":30}},{"start":{"line":76,"column":30},"end":{"line":76,"column":30}}]},"6":{"line":80,"type":"if","locations":[{"start":{"line":80,"column":54},"end":{"line":80,"column":54}},{"start":{"line":80,"column":54},"end":{"line":80,"column":54}}]},"7":{"line":84,"type":"if","locations":[{"start":{"line":84,"column":59},"end":{"line":84,"column":59}},{"start":{"line":84,"column":59},"end":{"line":84,"column":59}}]},"8":{"line":88,"type":"if","locations":[{"start":{"line":88,"column":54},"end":{"line":88,"column":54}},{"start":{"line":88,"column":54},"end":{"line":88,"column":54}}]},"9":{"line":92,"type":"if","locations":[{"start":{"line":92,"column":59},"end":{"line":92,"column":59}},{"start":{"line":92,"column":59},"end":{"line":92,"column":59}}]},"10":{"line":96,"type":"if","locations":[{"start":{"line":96,"column":63},"end":{"line":96,"column":63}},{"start":{"line":96,"column":63},"end":{"line":96,"column":63}}]},"11":{"line":98,"type":"if","locations":[{"start":{"line":98,"column":8},"end":{"line":98,"column":8}},{"start":{"line":98,"column":8},"end":{"line":98,"column":8}}]},"12":{"line":111,"type":"if","locations":[{"start":{"line":111,"column":8},"end":{"line":111,"column":8}},{"start":{"line":111,"column":8},"end":{"line":111,"column":8}}]},"13":{"line":113,"type":"if","locations":[{"start":{"line":113,"column":8},"end":{"line":113,"column":8}},{"start":{"line":113,"column":8},"end":{"line":113,"column":8}}]},"14":{"line":114,"type":"if","locations":[{"start":{"line":114,"column":12},"end":{"line":114,"column":12}},{"start":{"line":114,"column":12},"end":{"line":114,"column":12}}]},"15":{"line":115,"type":"if","locations":[{"start":{"line":115,"column":12},"end":{"line":115,"column":12}},{"start":{"line":115,"column":12},"end":{"line":115,"column":12}}]},"16":{"line":118,"type":"if","locations":[{"start":{"line":118,"column":8},"end":{"line":118,"column":8}},{"start":{"line":118,"column":8},"end":{"line":118,"column":8}}]},"17":{"line":119,"type":"if","locations":[{"start":{"line":119,"column":12},"end":{"line":119,"column":12}},{"start":{"line":119,"column":12},"end":{"line":119,"column":12}}]},"18":{"line":120,"type":"if","locations":[{"start":{"line":120,"column":12},"end":{"line":120,"column":12}},{"start":{"line":120,"column":12},"end":{"line":120,"column":12}}]}}}}